🚀 Programme lancé le 2025-08-13 14:47:08
🧹 Fichier debug.log vidé au démarrage.
[INFO   ] [kivy        ] deps: Successfully imported "kivy_deps.angle" 0.4.0
[INFO   ] [kivy        ] Logger: Record log in C:\Users\raph6\.kivy\logs\kivy_25-08-13_0.txt
[INFO   ] [kivy        ] deps: Successfully imported "kivy_deps.glew" 0.3.1
[INFO   ] [kivy        ] deps: Successfully imported "kivy_deps.sdl2" 0.8.0
[INFO   ] [kivy        ] Kivy: v2.3.1
[INFO   ] [kivy        ] Kivy: Installed at "C:\Users\raph6\AppData\Local\Packages\PythonSoftwareFoundation.Python.3.11_qbz5n2kfra8p0\LocalCache\local-packages\Python311\site-packages\kivy\__init__.py"
[INFO   ] [kivy        ] Python: v3.11.9 (tags/v3.11.9:de54cf5, Apr  2 2024, 10:12:12) [MSC v.1938 64 bit (AMD64)]
[INFO   ] [kivy        ] Python: Interpreter at "C:\Users\raph6\AppData\Local\Microsoft\WindowsApps\PythonSoftwareFoundation.Python.3.11_qbz5n2kfra8p0\python.exe"
[INFO   ] [kivy        ] Logger: Purge log fired. Processing...
[INFO   ] [kivy        ] Logger: Purge finished!
[INFO   ] [kivy        ] Factory: 195 symbols loaded
[INFO   ] [kivy        ] Image: Providers: img_tex, img_dds, img_sdl2, img_pil (img_ffpyplayer ignored)
[INFO   ] [kivy        ] Window: Provider: sdl2
[INFO   ] [kivy        ] GL: Using the "OpenGL" graphics system
[INFO   ] [kivy        ] GL: GLEW initialization succeeded
[INFO   ] [kivy        ] GL: Backend used <glew>
[INFO   ] [kivy        ] GL: OpenGL version <b'4.6.0 NVIDIA 560.94'>
[INFO   ] [kivy        ] GL: OpenGL vendor <b'NVIDIA Corporation'>
[INFO   ] [kivy        ] GL: OpenGL renderer <b'NVIDIA GeForce RTX 4060/PCIe/SSE2'>
[INFO   ] [kivy        ] GL: OpenGL parsed version: 4, 6
[INFO   ] [kivy        ] GL: Shading version <b'4.60 NVIDIA'>
[INFO   ] [kivy        ] GL: Texture max size <32768>
[INFO   ] [kivy        ] GL: Texture max units <32>
[INFO   ] [kivy        ] Window: auto add sdl2 input provider
[INFO   ] [kivy        ] Window: virtual keyboard not allowed, single mode, not docked
[INFO   ] [kivy        ] GL: NPOT texture support is available
[INFO   ] [kivy        ] Base: Start application main loop
[INFO   ] [kivy        ] Base: Leaving application in progress...
