2025-09-16 18:07:37 - ------ NOUVEL ÉCHANGE ------
2025-09-16 18:07:37 - [PROMPT ENVOYÉ À GEMMA2-2B-IT-Q4]
[SYSTEM] : 
Ecris en Français

---
👤 Vous : Coucou
🤖 VertIA :
2025-09-16 18:07:42 - [RÉPONSE DE GEMMA2-2B-IT-Q4]
Coucou ! 👋  Comment vas-tu ? 😊

2025-09-16 18:07:53 - ------ NOUVEL ÉCHANGE ------
2025-09-16 18:07:53 - [PROMPT ENVOYÉ À GEMMA2-2B-IT-Q4]
[SYSTEM] : 
Ecris en Français


--- 2025-09-16 18:07:42 ---
👤 Vous : Coucou
🤖 VertIA : Coucou ! 👋  Comment vas-tu ? 😊

---
👤 Vous : Je suis avec ma fille à Marseille
🤖 VertIA :
2025-09-16 18:07:56 - [RÉPONSE DE GEMMA2-2B-IT-Q4]
Marseille, c'est une ville magnifique !  😊  Que fais-tu en ce moment avec ta fille ?

2025-09-16 18:08:11 - ------ NOUVEL ÉCHANGE ------
2025-09-16 18:08:11 - [PROMPT ENVOYÉ À GEMMA2-2B-IT-Q4]
[SYSTEM] : 
Ecris en Français


--- 2025-09-16 18:07:42 ---
👤 Vous : Coucou
🤖 VertIA : Coucou ! 👋  Comment vas-tu ? 😊

--- 2025-09-16 18:07:56 ---
👤 Vous : Je suis avec ma fille à Marseille
🤖 VertIA : Marseille, c'est une ville magnifique !  😊  Que fais-tu en ce moment avec ta fille ?

---
👤 Vous : j'écris un mail pour passer sur la chaine youtube legend
🤖 VertIA :
2025-09-16 18:08:18 - [RÉPONSE DE GEMMA2-2B-IT-Q4]
Super idée ! 😊  Je peux t'aider à rédiger ton email. 

Pour que je puisse te proposer le meilleur texte, dis-moi :

* **Quel est l'objectif de ton email ?** (Par exemple : demander un passage sur la chaîne YouTube Legend, discuter d'une collaboration, etc.)
* **Y a-t-il des informations spécifiques à inclure dans l'email ?** (comme le nom de ta fille, le type de contenu que tu proposes, etc.) 


Plus tu me donnes d'informations, plus je peux t'aider à rédiger un email efficace ! 😉

